<?xml version="1.0" encoding="UTF-8"?>
<coverage generated="1773071083698" clover="3.2.0">
  <project timestamp="1773071083698" name="All files">
    <metrics statements="92" coveredstatements="72" conditionals="63" coveredconditionals="48" methods="24" coveredmethods="14" elements="179" coveredelements="134" complexity="0" loc="92" ncloc="92" packages="3" files="10" classes="10"/>
    <package name="components.ui">
      <metrics statements="7" coveredstatements="6" conditionals="25" coveredconditionals="24" methods="4" coveredmethods="3"/>
      <file name="AuthButton.css" path="/Users/illona/Desktop/AmaliTech/Projects/phase-1-group-project/communityBoard_Team4/frontend/src/components/ui/AuthButton.css">
        <metrics statements="0" coveredstatements="0" conditionals="0" coveredconditionals="0" methods="0" coveredmethods="0"/>
      </file>
      <file name="AuthButton.tsx" path="/Users/illona/Desktop/AmaliTech/Projects/phase-1-group-project/communityBoard_Team4/frontend/src/components/ui/AuthButton.tsx">
        <metrics statements="1" coveredstatements="1" conditionals="7" coveredconditionals="7" methods="1" coveredmethods="1"/>
        <line num="10" count="64" type="stmt"/>
      </file>
      <file name="AuthInput.css" path="/Users/illona/Desktop/AmaliTech/Projects/phase-1-group-project/communityBoard_Team4/frontend/src/components/ui/AuthInput.css">
        <metrics statements="0" coveredstatements="0" conditionals="0" coveredconditionals="0" methods="0" coveredmethods="0"/>
      </file>
      <file name="AuthInput.tsx" path="/Users/illona/Desktop/AmaliTech/Projects/phase-1-group-project/communityBoard_Team4/frontend/src/components/ui/AuthInput.tsx">
        <metrics statements="5" coveredstatements="4" conditionals="18" coveredconditionals="17" methods="2" coveredmethods="1"/>
        <line num="22" count="160" type="stmt"/>
        <line num="23" count="160" type="stmt"/>
        <line num="24" count="160" type="cond" truecount="3" falsecount="1"/>
        <line num="26" count="160" type="stmt"/>
        <line num="51" count="0" type="stmt"/>
      </file>
      <file name="AuthLayout.css" path="/Users/illona/Desktop/AmaliTech/Projects/phase-1-group-project/communityBoard_Team4/frontend/src/components/ui/AuthLayout.css">
        <metrics statements="0" coveredstatements="0" conditionals="0" coveredconditionals="0" methods="0" coveredmethods="0"/>
      </file>
      <file name="AuthLayout.tsx" path="/Users/illona/Desktop/AmaliTech/Projects/phase-1-group-project/communityBoard_Team4/frontend/src/components/ui/AuthLayout.tsx">
        <metrics statements="1" coveredstatements="1" conditionals="0" coveredconditionals="0" methods="1" coveredmethods="1"/>
        <line num="11" count="64" type="stmt"/>
      </file>
    </package>
    <package name="context">
      <metrics statements="29" coveredstatements="12" conditionals="10" coveredconditionals="2" methods="8" coveredmethods="2"/>
      <file name="AuthContext.tsx" path="/Users/illona/Desktop/AmaliTech/Projects/phase-1-group-project/communityBoard_Team4/frontend/src/context/AuthContext.tsx">
        <metrics statements="29" coveredstatements="12" conditionals="10" coveredconditionals="2" methods="8" coveredmethods="2"/>
        <line num="18" count="2" type="stmt"/>
        <line num="20" count="2" type="stmt"/>
        <line num="21" count="8" type="stmt"/>
        <line num="22" count="8" type="stmt"/>
        <line num="24" count="8" type="stmt"/>
        <line num="25" count="8" type="stmt"/>
        <line num="26" count="8" type="cond" truecount="2" falsecount="2"/>
        <line num="27" count="0" type="stmt"/>
        <line num="31" count="8" type="stmt"/>
        <line num="33" count="0" type="stmt"/>
        <line num="34" count="0" type="cond" truecount="0" falsecount="4"/>
        <line num="35" count="0" type="stmt"/>
        <line num="36" count="0" type="stmt"/>
        <line num="37" count="0" type="stmt"/>
        <line num="38" count="0" type="stmt"/>
        <line num="39" count="0" type="stmt"/>
        <line num="41" count="0" type="stmt"/>
        <line num="45" count="8" type="stmt"/>
        <line num="47" count="0" type="stmt"/>
        <line num="51" count="8" type="stmt"/>
        <line num="52" count="0" type="stmt"/>
        <line num="53" count="0" type="stmt"/>
        <line num="54" count="0" type="stmt"/>
        <line num="55" count="0" type="stmt"/>
        <line num="58" count="8" type="stmt"/>
        <line num="65" count="2" type="stmt"/>
        <line num="66" count="0" type="stmt"/>
        <line num="67" count="0" type="cond" truecount="0" falsecount="2"/>
        <line num="68" count="0" type="stmt"/>
      </file>
    </package>
    <package name="pages">
      <metrics statements="56" coveredstatements="54" conditionals="28" coveredconditionals="22" methods="12" coveredmethods="9"/>
      <file name="Login.css" path="/Users/illona/Desktop/AmaliTech/Projects/phase-1-group-project/communityBoard_Team4/frontend/src/pages/Login.css">
        <metrics statements="0" coveredstatements="0" conditionals="0" coveredconditionals="0" methods="0" coveredmethods="0"/>
      </file>
      <file name="Login.tsx" path="/Users/illona/Desktop/AmaliTech/Projects/phase-1-group-project/communityBoard_Team4/frontend/src/pages/Login.tsx">
        <metrics statements="30" coveredstatements="29" conditionals="12" coveredconditionals="10" methods="6" coveredmethods="4"/>
        <line num="10" count="48" type="stmt"/>
        <line num="11" count="48" type="stmt"/>
        <line num="12" count="48" type="stmt"/>
        <line num="13" count="48" type="stmt"/>
        <line num="15" count="48" type="stmt"/>
        <line num="16" count="48" type="stmt"/>
        <line num="18" count="48" type="stmt"/>
        <line num="19" count="3" type="stmt"/>
        <line num="20" count="3" type="stmt"/>
        <line num="22" count="3" type="stmt"/>
        <line num="24" count="3" type="cond" truecount="2" falsecount="0"/>
        <line num="25" count="1" type="stmt"/>
        <line num="26" count="2" type="cond" truecount="2" falsecount="0"/>
        <line num="27" count="1" type="stmt"/>
        <line num="30" count="3" type="cond" truecount="2" falsecount="0"/>
        <line num="31" count="2" type="stmt"/>
        <line num="34" count="3" type="cond" truecount="2" falsecount="0"/>
        <line num="35" count="2" type="stmt"/>
        <line num="36" count="2" type="stmt"/>
        <line num="39" count="1" type="stmt"/>
        <line num="40" count="1" type="stmt"/>
        <line num="41" count="1" type="stmt"/>
        <line num="42" count="1" type="stmt"/>
        <line num="44" count="0" type="stmt"/>
        <line num="46" count="1" type="stmt"/>
        <line num="50" count="48" type="stmt"/>
        <line num="61" count="29" type="stmt"/>
        <line num="62" count="29" type="cond" truecount="1" falsecount="1"/>
        <line num="75" count="11" type="stmt"/>
        <line num="76" count="11" type="cond" truecount="1" falsecount="1"/>
      </file>
      <file name="Register.tsx" path="/Users/illona/Desktop/AmaliTech/Projects/phase-1-group-project/communityBoard_Team4/frontend/src/pages/Register.tsx">
        <metrics statements="26" coveredstatements="25" conditionals="16" coveredconditionals="12" methods="6" coveredmethods="5"/>
        <line num="10" count="16" type="stmt"/>
        <line num="11" count="16" type="stmt"/>
        <line num="12" count="16" type="stmt"/>
        <line num="13" count="16" type="stmt"/>
        <line num="14" count="16" type="stmt"/>
        <line num="16" count="16" type="stmt"/>
        <line num="17" count="3" type="stmt"/>
        <line num="18" count="3" type="cond" truecount="2" falsecount="0"/>
        <line num="19" count="3" type="cond" truecount="2" falsecount="0"/>
        <line num="20" count="3" type="cond" truecount="2" falsecount="0"/>
        <line num="21" count="3" type="cond" truecount="2" falsecount="0"/>
        <line num="22" count="3" type="stmt"/>
        <line num="23" count="3" type="stmt"/>
        <line num="26" count="16" type="stmt"/>
        <line num="27" count="3" type="stmt"/>
        <line num="28" count="3" type="cond" truecount="2" falsecount="0"/>
        <line num="29" count="1" type="stmt"/>
        <line num="30" count="1" type="stmt"/>
        <line num="31" count="1" type="stmt"/>
        <line num="32" count="1" type="stmt"/>
        <line num="34" count="0" type="cond" truecount="0" falsecount="2"/>
        <line num="36" count="1" type="stmt"/>
        <line num="40" count="16" type="stmt"/>
        <line num="41" count="8" type="stmt"/>
        <line num="42" count="8" type="cond" truecount="1" falsecount="1"/>
        <line num="45" count="16" type="stmt"/>
      </file>
    </package>
  </project>
</coverage>
