<?xml version="1.0" encoding="UTF-8"?>
<coverage generated="1773155712299" clover="3.2.0">
  <project timestamp="1773155712299" name="All files">
    <metrics statements="101" coveredstatements="78" conditionals="67" coveredconditionals="51" methods="26" coveredmethods="15" elements="194" coveredelements="144" complexity="0" loc="101" ncloc="101" packages="4" files="10" classes="10"/>
    <package name="components.ui">
      <metrics statements="7" coveredstatements="6" conditionals="25" coveredconditionals="24" methods="4" coveredmethods="3"/>
      <file name="AuthButton.css" path="/Users/illona/Desktop/AmaliTech/Projects/phase-1-group-project/communityBoard_Team4/frontend/src/components/ui/AuthButton.css">
        <metrics statements="0" coveredstatements="0" conditionals="0" coveredconditionals="0" methods="0" coveredmethods="0"/>
      </file>
      <file name="AuthButton.tsx" path="/Users/illona/Desktop/AmaliTech/Projects/phase-1-group-project/communityBoard_Team4/frontend/src/components/ui/AuthButton.tsx">
        <metrics statements="1" coveredstatements="1" conditionals="7" coveredconditionals="7" methods="1" coveredmethods="1"/>
        <line num="10" count="70" type="stmt"/>
      </file>
      <file name="AuthInput.css" path="/Users/illona/Desktop/AmaliTech/Projects/phase-1-group-project/communityBoard_Team4/frontend/src/components/ui/AuthInput.css">
        <metrics statements="0" coveredstatements="0" conditionals="0" coveredconditionals="0" methods="0" coveredmethods="0"/>
      </file>
      <file name="AuthInput.tsx" path="/Users/illona/Desktop/AmaliTech/Projects/phase-1-group-project/communityBoard_Team4/frontend/src/components/ui/AuthInput.tsx">
        <metrics statements="5" coveredstatements="4" conditionals="18" coveredconditionals="17" methods="2" coveredmethods="1"/>
        <line num="23" count="184" type="stmt"/>
        <line num="24" count="184" type="stmt"/>
        <line num="25" count="184" type="cond" truecount="3" falsecount="1"/>
        <line num="27" count="184" type="stmt"/>
        <line num="53" count="0" type="stmt"/>
      </file>
      <file name="AuthLayout.css" path="/Users/illona/Desktop/AmaliTech/Projects/phase-1-group-project/communityBoard_Team4/frontend/src/components/ui/AuthLayout.css">
        <metrics statements="0" coveredstatements="0" conditionals="0" coveredconditionals="0" methods="0" coveredmethods="0"/>
      </file>
      <file name="AuthLayout.tsx" path="/Users/illona/Desktop/AmaliTech/Projects/phase-1-group-project/communityBoard_Team4/frontend/src/components/ui/AuthLayout.tsx">
        <metrics statements="1" coveredstatements="1" conditionals="0" coveredconditionals="0" methods="1" coveredmethods="1"/>
        <line num="11" count="70" type="stmt"/>
      </file>
    </package>
    <package name="context">
      <metrics statements="29" coveredstatements="12" conditionals="10" coveredconditionals="2" methods="8" coveredmethods="2"/>
      <file name="AuthContext.tsx" path="/Users/illona/Desktop/AmaliTech/Projects/phase-1-group-project/communityBoard_Team4/frontend/src/context/AuthContext.tsx">
        <metrics statements="29" coveredstatements="12" conditionals="10" coveredconditionals="2" methods="8" coveredmethods="2"/>
        <line num="18" count="2" type="stmt"/>
        <line num="20" count="2" type="stmt"/>
        <line num="21" count="9" type="stmt"/>
        <line num="22" count="9" type="stmt"/>
        <line num="24" count="9" type="stmt"/>
        <line num="25" count="9" type="stmt"/>
        <line num="26" count="9" type="cond" truecount="2" falsecount="2"/>
        <line num="27" count="0" type="stmt"/>
        <line num="31" count="9" type="stmt"/>
        <line num="33" count="0" type="stmt"/>
        <line num="34" count="0" type="cond" truecount="0" falsecount="4"/>
        <line num="35" count="0" type="stmt"/>
        <line num="36" count="0" type="stmt"/>
        <line num="37" count="0" type="stmt"/>
        <line num="38" count="0" type="stmt"/>
        <line num="39" count="0" type="stmt"/>
        <line num="41" count="0" type="stmt"/>
        <line num="45" count="9" type="stmt"/>
        <line num="47" count="0" type="stmt"/>
        <line num="51" count="9" type="stmt"/>
        <line num="52" count="0" type="stmt"/>
        <line num="53" count="0" type="stmt"/>
        <line num="54" count="0" type="stmt"/>
        <line num="55" count="0" type="stmt"/>
        <line num="58" count="9" type="stmt"/>
        <line num="65" count="2" type="stmt"/>
        <line num="66" count="0" type="stmt"/>
        <line num="67" count="0" type="cond" truecount="0" falsecount="2"/>
        <line num="68" count="0" type="stmt"/>
      </file>
    </package>
    <package name="pages.Login">
      <metrics statements="35" coveredstatements="31" conditionals="14" coveredconditionals="11" methods="8" coveredmethods="5"/>
      <file name="Login.css" path="/Users/illona/Desktop/AmaliTech/Projects/phase-1-group-project/communityBoard_Team4/frontend/src/pages/Login/Login.css">
        <metrics statements="0" coveredstatements="0" conditionals="0" coveredconditionals="0" methods="0" coveredmethods="0"/>
      </file>
      <file name="Login.tsx" path="/Users/illona/Desktop/AmaliTech/Projects/phase-1-group-project/communityBoard_Team4/frontend/src/pages/Login/Login.tsx">
        <metrics statements="35" coveredstatements="31" conditionals="14" coveredconditionals="11" methods="8" coveredmethods="5"/>
        <line num="10" count="48" type="stmt"/>
        <line num="11" count="48" type="stmt"/>
        <line num="12" count="48" type="stmt"/>
        <line num="13" count="48" type="stmt"/>
        <line num="15" count="48" type="stmt"/>
        <line num="16" count="48" type="stmt"/>
        <line num="18" count="48" type="stmt"/>
        <line num="19" count="3" type="stmt"/>
        <line num="20" count="3" type="stmt"/>
        <line num="22" count="3" type="stmt"/>
        <line num="24" count="3" type="cond" truecount="2" falsecount="0"/>
        <line num="25" count="1" type="stmt"/>
        <line num="26" count="2" type="cond" truecount="2" falsecount="0"/>
        <line num="27" count="1" type="stmt"/>
        <line num="30" count="3" type="cond" truecount="2" falsecount="0"/>
        <line num="31" count="2" type="stmt"/>
        <line num="34" count="3" type="cond" truecount="2" falsecount="0"/>
        <line num="35" count="2" type="stmt"/>
        <line num="36" count="2" type="stmt"/>
        <line num="39" count="1" type="stmt"/>
        <line num="40" count="1" type="stmt"/>
        <line num="41" count="1" type="stmt"/>
        <line num="42" count="1" type="stmt"/>
        <line num="44" count="0" type="stmt"/>
        <line num="46" count="1" type="stmt"/>
        <line num="49" count="48" type="stmt"/>
        <line num="50" count="40" type="cond" truecount="1" falsecount="1"/>
        <line num="51" count="0" type="stmt"/>
        <line num="54" count="0" type="stmt"/>
        <line num="55" count="0" type="stmt"/>
        <line num="59" count="48" type="stmt"/>
        <line num="70" count="29" type="stmt"/>
        <line num="71" count="29" type="cond" truecount="1" falsecount="1"/>
        <line num="85" count="11" type="stmt"/>
        <line num="86" count="11" type="cond" truecount="1" falsecount="1"/>
      </file>
    </package>
    <package name="pages.Register">
      <metrics statements="30" coveredstatements="29" conditionals="18" coveredconditionals="14" methods="6" coveredmethods="5"/>
      <file name="Register.tsx" path="/Users/illona/Desktop/AmaliTech/Projects/phase-1-group-project/communityBoard_Team4/frontend/src/pages/Register/Register.tsx">
        <metrics statements="30" coveredstatements="29" conditionals="18" coveredconditionals="14" methods="6" coveredmethods="5"/>
        <line num="10" count="22" type="stmt"/>
        <line num="11" count="22" type="stmt"/>
        <line num="12" count="22" type="stmt"/>
        <line num="13" count="22" type="stmt"/>
        <line num="14" count="22" type="stmt"/>
        <line num="16" count="22" type="stmt"/>
        <line num="17" count="4" type="stmt"/>
        <line num="18" count="4" type="stmt"/>
        <line num="20" count="4" type="cond" truecount="2" falsecount="0"/>
        <line num="21" count="4" type="cond" truecount="2" falsecount="0"/>
        <line num="22" count="1" type="stmt"/>
        <line num="23" count="3" type="cond" truecount="2" falsecount="0"/>
        <line num="24" count="1" type="stmt"/>
        <line num="26" count="4" type="cond" truecount="2" falsecount="0"/>
        <line num="27" count="4" type="cond" truecount="2" falsecount="0"/>
        <line num="28" count="4" type="stmt"/>
        <line num="29" count="4" type="stmt"/>
        <line num="32" count="22" type="stmt"/>
        <line num="33" count="4" type="stmt"/>
        <line num="34" count="4" type="cond" truecount="2" falsecount="0"/>
        <line num="35" count="1" type="stmt"/>
        <line num="36" count="1" type="stmt"/>
        <line num="37" count="1" type="stmt"/>
        <line num="38" count="1" type="stmt"/>
        <line num="40" count="0" type="cond" truecount="0" falsecount="2"/>
        <line num="42" count="1" type="stmt"/>
        <line num="46" count="22" type="stmt"/>
        <line num="47" count="12" type="stmt"/>
        <line num="48" count="12" type="cond" truecount="1" falsecount="1"/>
        <line num="51" count="22" type="stmt"/>
      </file>
    </package>
  </project>
</coverage>
