{"/Users/illona/Desktop/AmaliTech/Projects/phase-1-group-project/communityBoard_Team4/frontend/src/components/ui/AuthButton.css": {"path":"/Users/illona/Desktop/AmaliTech/Projects/phase-1-group-project/communityBoard_Team4/frontend/src/components/ui/AuthButton.css","statementMap":{},"fnMap":{},"branchMap":{},"s":{},"f":{},"b":{},"meta":{"lastBranch":0,"lastFunction":0,"lastStatement":0,"seen":{}}}
,"/Users/illona/Desktop/AmaliTech/Projects/phase-1-group-project/communityBoard_Team4/frontend/src/components/ui/AuthButton.tsx": {"path":"/Users/illona/Desktop/AmaliTech/Projects/phase-1-group-project/communityBoard_Team4/frontend/src/components/ui/AuthButton.tsx","statementMap":{"0":{"start":{"line":10,"column":2},"end":{"line":21,"column":null}}},"fnMap":{"0":{"name":"AuthButton","decl":{"start":{"line":9,"column":16},"end":{"line":9,"column":27}},"loc":{"start":{"line":9,"column":95},"end":{"line":23,"column":null}},"line":9}},"branchMap":{"0":{"loc":{"start":{"line":9,"column":50},"end":{"line":9,"column":66}},"type":"default-arg","locations":[{"start":{"line":9,"column":62},"end":{"line":9,"column":66}}],"line":9},"1":{"loc":{"start":{"line":12,"column":50},"end":{"line":12,"column":76}},"type":"cond-expr","locations":[{"start":{"line":12,"column":62},"end":{"line":12,"column":74}},{"start":{"line":12,"column":74},"end":{"line":12,"column":76}}],"line":12},"2":{"loc":{"start":{"line":13,"column":16},"end":{"line":13,"column":null}},"type":"binary-expr","locations":[{"start":{"line":13,"column":16},"end":{"line":13,"column":29}},{"start":{"line":13,"column":29},"end":{"line":13,"column":null}}],"line":13},"3":{"loc":{"start":{"line":16,"column":7},"end":{"line":19,"column":null}},"type":"cond-expr","locations":[{"start":{"line":17,"column":8},"end":{"line":17,"column":null}},{"start":{"line":19,"column":8},"end":{"line":19,"column":null}}],"line":16}},"s":{"0":64},"f":{"0":64},"b":{"0":[64],"1":[2,62],"2":[64,62],"3":[2,62]},"meta":{"lastBranch":4,"lastFunction":1,"lastStatement":1,"seen":{"f:9:16:9:27":0,"b:9:62:9:66":0,"s:10:2:21:Infinity":0,"b:12:62:12:74:12:74:12:76":1,"b:13:16:13:29:13:29:13:Infinity":2,"b:17:8:17:Infinity:19:8:19:Infinity":3}}}
,"/Users/illona/Desktop/AmaliTech/Projects/phase-1-group-project/communityBoard_Team4/frontend/src/components/ui/AuthInput.css": {"path":"/Users/illona/Desktop/AmaliTech/Projects/phase-1-group-project/communityBoard_Team4/frontend/src/components/ui/AuthInput.css","statementMap":{},"fnMap":{},"branchMap":{},"s":{},"f":{},"b":{},"meta":{"lastBranch":0,"lastFunction":0,"lastStatement":0,"seen":{}}}
,"/Users/illona/Desktop/AmaliTech/Projects/phase-1-group-project/communityBoard_Team4/frontend/src/components/ui/AuthInput.tsx": {"path":"/Users/illona/Desktop/AmaliTech/Projects/phase-1-group-project/communityBoard_Team4/frontend/src/components/ui/AuthInput.tsx","statementMap":{"0":{"start":{"line":22,"column":38},"end":{"line":22,"column":null}},"1":{"start":{"line":23,"column":21},"end":{"line":23,"column":null}},"2":{"start":{"line":24,"column":22},"end":{"line":24,"column":null}},"3":{"start":{"line":26,"column":2},"end":{"line":64,"column":null}},"4":{"start":{"line":51,"column":29},"end":{"line":51,"column":null}}},"fnMap":{"0":{"name":"AuthInput","decl":{"start":{"line":18,"column":16},"end":{"line":18,"column":26}},"loc":{"start":{"line":21,"column":19},"end":{"line":66,"column":null}},"line":21},"1":{"name":"(anonymous_1)","decl":{"start":{"line":51,"column":23},"end":{"line":51,"column":29}},"loc":{"start":{"line":51,"column":29},"end":{"line":51,"column":null}},"line":51}},"branchMap":{"0":{"loc":{"start":{"line":19,"column":9},"end":{"line":19,"column":24}},"type":"default-arg","locations":[{"start":{"line":19,"column":16},"end":{"line":19,"column":24}}],"line":19},"1":{"loc":{"start":{"line":24,"column":22},"end":{"line":24,"column":null}},"type":"cond-expr","locations":[{"start":{"line":24,"column":51},"end":{"line":24,"column":60}},{"start":{"line":24,"column":60},"end":{"line":24,"column":null}}],"line":24},"2":{"loc":{"start":{"line":24,"column":22},"end":{"line":24,"column":51}},"type":"binary-expr","locations":[{"start":{"line":24,"column":22},"end":{"line":24,"column":36}},{"start":{"line":24,"column":36},"end":{"line":24,"column":51}}],"line":24},"3":{"loc":{"start":{"line":30,"column":46},"end":{"line":30,"column":70}},"type":"cond-expr","locations":[{"start":{"line":30,"column":54},"end":{"line":30,"column":68}},{"start":{"line":30,"column":68},"end":{"line":30,"column":70}}],"line":30},"4":{"loc":{"start":{"line":32,"column":11},"end":{"line":33,"column":null}},"type":"binary-expr","locations":[{"start":{"line":32,"column":11},"end":{"line":32,"column":null}},{"start":{"line":33,"column":12},"end":{"line":33,"column":null}}],"line":32},"5":{"loc":{"start":{"line":47,"column":11},"end":{"line":54,"column":null}},"type":"binary-expr","locations":[{"start":{"line":47,"column":11},"end":{"line":47,"column":null}},{"start":{"line":48,"column":12},"end":{"line":54,"column":null}}],"line":47},"6":{"loc":{"start":{"line":57,"column":6},"end":{"line":62,"column":null}},"type":"binary-expr","locations":[{"start":{"line":59,"column":8},"end":{"line":59,"column":17}},{"start":{"line":59,"column":17},"end":{"line":59,"column":null}},{"start":{"line":60,"column":8},"end":{"line":62,"column":null}}],"line":57},"7":{"loc":{"start":{"line":60,"column":42},"end":{"line":60,"column":67}},"type":"cond-expr","locations":[{"start":{"line":60,"column":50},"end":{"line":60,"column":65}},{"start":{"line":60,"column":65},"end":{"line":60,"column":67}}],"line":60},"8":{"loc":{"start":{"line":61,"column":11},"end":{"line":61,"column":null}},"type":"binary-expr","locations":[{"start":{"line":61,"column":11},"end":{"line":61,"column":20}},{"start":{"line":61,"column":20},"end":{"line":61,"column":null}}],"line":61}},"s":{"0":160,"1":160,"2":160,"3":160,"4":0},"f":{"0":160,"1":0},"b":{"0":[160],"1":[0,160],"2":[160,80],"3":[9,151],"4":[160,160],"5":[160,80],"6":[160,151,23],"7":[9,14],"8":[23,14]},"meta":{"lastBranch":9,"lastFunction":2,"lastStatement":5,"seen":{"f:18:16:18:26":0,"b:19:16:19:24":0,"s:22:38:22:Infinity":0,"s:23:21:23:Infinity":1,"s:24:22:24:Infinity":2,"b:24:51:24:60:24:60:24:Infinity":1,"b:24:22:24:36:24:36:24:51":2,"s:26:2:64:Infinity":3,"b:30:54:30:68:30:68:30:70":3,"b:32:11:32:Infinity:33:12:33:Infinity":4,"b:47:11:47:Infinity:48:12:54:Infinity":5,"f:51:23:51:29":1,"s:51:29:51:Infinity":4,"b:59:8:59:17:59:17:59:Infinity:60:8:62:Infinity":6,"b:60:50:60:65:60:65:60:67":7,"b:61:11:61:20:61:20:61:Infinity":8}}}
,"/Users/illona/Desktop/AmaliTech/Projects/phase-1-group-project/communityBoard_Team4/frontend/src/components/ui/AuthLayout.css": {"path":"/Users/illona/Desktop/AmaliTech/Projects/phase-1-group-project/communityBoard_Team4/frontend/src/components/ui/AuthLayout.css","statementMap":{},"fnMap":{},"branchMap":{},"s":{},"f":{},"b":{},"meta":{"lastBranch":0,"lastFunction":0,"lastStatement":0,"seen":{}}}
,"/Users/illona/Desktop/AmaliTech/Projects/phase-1-group-project/communityBoard_Team4/frontend/src/components/ui/AuthLayout.tsx": {"path":"/Users/illona/Desktop/AmaliTech/Projects/phase-1-group-project/communityBoard_Team4/frontend/src/components/ui/AuthLayout.tsx","statementMap":{"0":{"start":{"line":11,"column":2},"end":{"line":31,"column":null}}},"fnMap":{"0":{"name":"AuthLayout","decl":{"start":{"line":10,"column":16},"end":{"line":10,"column":27}},"loc":{"start":{"line":10,"column":77},"end":{"line":33,"column":null}},"line":10}},"branchMap":{},"s":{"0":64},"f":{"0":64},"b":{},"meta":{"lastBranch":0,"lastFunction":1,"lastStatement":1,"seen":{"f:10:16:10:27":0,"s:11:2:31:Infinity":0}}}
,"/Users/illona/Desktop/AmaliTech/Projects/phase-1-group-project/communityBoard_Team4/frontend/src/context/AuthContext.tsx": {"path":"/Users/illona/Desktop/AmaliTech/Projects/phase-1-group-project/communityBoard_Team4/frontend/src/context/AuthContext.tsx","statementMap":{"0":{"start":{"line":18,"column":6},"end":{"line":18,"column":null}},"1":{"start":{"line":20,"column":28},"end":{"line":63,"column":null}},"2":{"start":{"line":21,"column":22},"end":{"line":21,"column":null}},"3":{"start":{"line":22,"column":24},"end":{"line":22,"column":null}},"4":{"start":{"line":24,"column":2},"end":{"line":29,"column":null}},"5":{"start":{"line":25,"column":22},"end":{"line":25,"column":null}},"6":{"start":{"line":26,"column":4},"end":{"line":28,"column":null}},"7":{"start":{"line":27,"column":6},"end":{"line":27,"column":null}},"8":{"start":{"line":27,"column":12},"end":{"line":27,"column":44}},"9":{"start":{"line":31,"column":16},"end":{"line":43,"column":null}},"10":{"start":{"line":33,"column":4},"end":{"line":33,"column":null}},"11":{"start":{"line":33,"column":29},"end":{"line":33,"column":49}},"12":{"start":{"line":34,"column":4},"end":{"line":42,"column":null}},"13":{"start":{"line":35,"column":23},"end":{"line":35,"column":null}},"14":{"start":{"line":36,"column":6},"end":{"line":36,"column":null}},"15":{"start":{"line":37,"column":6},"end":{"line":37,"column":null}},"16":{"start":{"line":38,"column":6},"end":{"line":38,"column":null}},"17":{"start":{"line":39,"column":6},"end":{"line":39,"column":null}},"18":{"start":{"line":41,"column":6},"end":{"line":41,"column":null}},"19":{"start":{"line":45,"column":19},"end":{"line":49,"column":null}},"20":{"start":{"line":47,"column":4},"end":{"line":47,"column":null}},"21":{"start":{"line":47,"column":29},"end":{"line":47,"column":49}},"22":{"start":{"line":51,"column":17},"end":{"line":56,"column":null}},"23":{"start":{"line":52,"column":4},"end":{"line":52,"column":null}},"24":{"start":{"line":53,"column":4},"end":{"line":53,"column":null}},"25":{"start":{"line":54,"column":4},"end":{"line":54,"column":null}},"26":{"start":{"line":55,"column":4},"end":{"line":55,"column":null}},"27":{"start":{"line":58,"column":2},"end":{"line":61,"column":null}},"28":{"start":{"line":65,"column":23},"end":{"line":69,"column":null}},"29":{"start":{"line":66,"column":8},"end":{"line":66,"column":null}},"30":{"start":{"line":67,"column":2},"end":{"line":67,"column":null}},"31":{"start":{"line":67,"column":16},"end":{"line":67,"column":null}},"32":{"start":{"line":68,"column":2},"end":{"line":68,"column":null}}},"fnMap":{"0":{"name":"(anonymous_0)","decl":{"start":{"line":20,"column":28},"end":{"line":20,"column":29}},"loc":{"start":{"line":20,"column":71},"end":{"line":63,"column":null}},"line":20},"1":{"name":"(anonymous_1)","decl":{"start":{"line":24,"column":12},"end":{"line":24,"column":18}},"loc":{"start":{"line":24,"column":18},"end":{"line":29,"column":5}},"line":24},"2":{"name":"(anonymous_2)","decl":{"start":{"line":31,"column":16},"end":{"line":31,"column":23}},"loc":{"start":{"line":31,"column":61},"end":{"line":43,"column":null}},"line":31},"3":{"name":"(anonymous_3)","decl":{"start":{"line":33,"column":22},"end":{"line":33,"column":29}},"loc":{"start":{"line":33,"column":29},"end":{"line":33,"column":49}},"line":33},"4":{"name":"(anonymous_4)","decl":{"start":{"line":45,"column":19},"end":{"line":45,"column":26}},"loc":{"start":{"line":45,"column":76},"end":{"line":49,"column":null}},"line":45},"5":{"name":"(anonymous_5)","decl":{"start":{"line":47,"column":22},"end":{"line":47,"column":29}},"loc":{"start":{"line":47,"column":29},"end":{"line":47,"column":49}},"line":47},"6":{"name":"(anonymous_6)","decl":{"start":{"line":51,"column":17},"end":{"line":51,"column":23}},"loc":{"start":{"line":51,"column":23},"end":{"line":56,"column":null}},"line":51},"7":{"name":"(anonymous_7)","decl":{"start":{"line":65,"column":23},"end":{"line":65,"column":29}},"loc":{"start":{"line":65,"column":29},"end":{"line":69,"column":null}},"line":65}},"branchMap":{"0":{"loc":{"start":{"line":26,"column":4},"end":{"line":28,"column":null}},"type":"if","locations":[{"start":{"line":26,"column":4},"end":{"line":28,"column":null}},{"start":{},"end":{}}],"line":26},"1":{"loc":{"start":{"line":26,"column":8},"end":{"line":26,"column":28}},"type":"binary-expr","locations":[{"start":{"line":26,"column":8},"end":{"line":26,"column":21}},{"start":{"line":26,"column":21},"end":{"line":26,"column":28}}],"line":26},"2":{"loc":{"start":{"line":34,"column":4},"end":{"line":42,"column":null}},"type":"if","locations":[{"start":{"line":34,"column":4},"end":{"line":42,"column":null}},{"start":{"line":40,"column":11},"end":{"line":42,"column":null}}],"line":34},"3":{"loc":{"start":{"line":34,"column":8},"end":{"line":34,"column":71}},"type":"binary-expr","locations":[{"start":{"line":34,"column":8},"end":{"line":34,"column":43}},{"start":{"line":34,"column":43},"end":{"line":34,"column":71}}],"line":34},"4":{"loc":{"start":{"line":67,"column":2},"end":{"line":67,"column":null}},"type":"if","locations":[{"start":{"line":67,"column":2},"end":{"line":67,"column":null}},{"start":{},"end":{}}],"line":67}},"s":{"0":2,"1":2,"2":8,"3":8,"4":8,"5":8,"6":8,"7":0,"8":0,"9":8,"10":0,"11":0,"12":0,"13":0,"14":0,"15":0,"16":0,"17":0,"18":0,"19":8,"20":0,"21":0,"22":8,"23":0,"24":0,"25":0,"26":0,"27":8,"28":2,"29":0,"30":0,"31":0,"32":0},"f":{"0":8,"1":8,"2":0,"3":0,"4":0,"5":0,"6":0,"7":0},"b":{"0":[0,8],"1":[8,0],"2":[0,0],"3":[0,0],"4":[0,0]},"meta":{"lastBranch":5,"lastFunction":8,"lastStatement":33,"seen":{"s:18:6:18:Infinity":0,"s:20:28:63:Infinity":1,"f:20:28:20:29":0,"s:21:22:21:Infinity":2,"s:22:24:22:Infinity":3,"s:24:2:29:Infinity":4,"f:24:12:24:18":1,"s:25:22:25:Infinity":5,"b:26:4:28:Infinity:undefined:undefined:undefined:undefined":0,"s:26:4:28:Infinity":6,"b:26:8:26:21:26:21:26:28":1,"s:27:6:27:Infinity":7,"s:27:12:27:44":8,"s:31:16:43:Infinity":9,"f:31:16:31:23":2,"s:33:4:33:Infinity":10,"f:33:22:33:29":3,"s:33:29:33:49":11,"b:34:4:42:Infinity:40:11:42:Infinity":2,"s:34:4:42:Infinity":12,"b:34:8:34:43:34:43:34:71":3,"s:35:23:35:Infinity":13,"s:36:6:36:Infinity":14,"s:37:6:37:Infinity":15,"s:38:6:38:Infinity":16,"s:39:6:39:Infinity":17,"s:41:6:41:Infinity":18,"s:45:19:49:Infinity":19,"f:45:19:45:26":4,"s:47:4:47:Infinity":20,"f:47:22:47:29":5,"s:47:29:47:49":21,"s:51:17:56:Infinity":22,"f:51:17:51:23":6,"s:52:4:52:Infinity":23,"s:53:4:53:Infinity":24,"s:54:4:54:Infinity":25,"s:55:4:55:Infinity":26,"s:58:2:61:Infinity":27,"s:65:23:69:Infinity":28,"f:65:23:65:29":7,"s:66:8:66:Infinity":29,"b:67:2:67:Infinity:undefined:undefined:undefined:undefined":4,"s:67:2:67:Infinity":30,"s:67:16:67:Infinity":31,"s:68:2:68:Infinity":32}}}
,"/Users/illona/Desktop/AmaliTech/Projects/phase-1-group-project/communityBoard_Team4/frontend/src/pages/Login.css": {"path":"/Users/illona/Desktop/AmaliTech/Projects/phase-1-group-project/communityBoard_Team4/frontend/src/pages/Login.css","statementMap":{},"fnMap":{},"branchMap":{},"s":{},"f":{},"b":{},"meta":{"lastBranch":0,"lastFunction":0,"lastStatement":0,"seen":{}}}
,"/Users/illona/Desktop/AmaliTech/Projects/phase-1-group-project/communityBoard_Team4/frontend/src/pages/Login.tsx": {"path":"/Users/illona/Desktop/AmaliTech/Projects/phase-1-group-project/communityBoard_Team4/frontend/src/pages/Login.tsx","statementMap":{"0":{"start":{"line":10,"column":24},"end":{"line":10,"column":null}},"1":{"start":{"line":11,"column":30},"end":{"line":11,"column":null}},"2":{"start":{"line":12,"column":26},"end":{"line":12,"column":null}},"3":{"start":{"line":13,"column":32},"end":{"line":13,"column":null}},"4":{"start":{"line":15,"column":16},"end":{"line":15,"column":null}},"5":{"start":{"line":16,"column":8},"end":{"line":16,"column":null}},"6":{"start":{"line":18,"column":23},"end":{"line":48,"column":null}},"7":{"start":{"line":19,"column":4},"end":{"line":19,"column":null}},"8":{"start":{"line":20,"column":4},"end":{"line":20,"column":null}},"9":{"start":{"line":22,"column":46},"end":{"line":22,"column":null}},"10":{"start":{"line":24,"column":4},"end":{"line":28,"column":null}},"11":{"start":{"line":25,"column":6},"end":{"line":25,"column":null}},"12":{"start":{"line":26,"column":4},"end":{"line":28,"column":null}},"13":{"start":{"line":27,"column":6},"end":{"line":27,"column":null}},"14":{"start":{"line":30,"column":4},"end":{"line":32,"column":null}},"15":{"start":{"line":31,"column":6},"end":{"line":31,"column":null}},"16":{"start":{"line":34,"column":4},"end":{"line":37,"column":null}},"17":{"start":{"line":35,"column":6},"end":{"line":35,"column":null}},"18":{"start":{"line":36,"column":6},"end":{"line":36,"column":null}},"19":{"start":{"line":39,"column":4},"end":{"line":39,"column":null}},"20":{"start":{"line":40,"column":4},"end":{"line":47,"column":null}},"21":{"start":{"line":41,"column":6},"end":{"line":41,"column":null}},"22":{"start":{"line":42,"column":6},"end":{"line":42,"column":null}},"23":{"start":{"line":44,"column":6},"end":{"line":44,"column":null}},"24":{"start":{"line":46,"column":6},"end":{"line":46,"column":null}},"25":{"start":{"line":50,"column":2},"end":{"line":93,"column":null}},"26":{"start":{"line":61,"column":14},"end":{"line":61,"column":null}},"27":{"start":{"line":62,"column":14},"end":{"line":62,"column":null}},"28":{"start":{"line":62,"column":32},"end":{"line":62,"column":null}},"29":{"start":{"line":62,"column":51},"end":{"line":62,"column":74}},"30":{"start":{"line":75,"column":14},"end":{"line":75,"column":null}},"31":{"start":{"line":76,"column":14},"end":{"line":76,"column":null}},"32":{"start":{"line":76,"column":35},"end":{"line":76,"column":null}},"33":{"start":{"line":76,"column":54},"end":{"line":76,"column":80}}},"fnMap":{"0":{"name":"Login","decl":{"start":{"line":9,"column":16},"end":{"line":9,"column":24}},"loc":{"start":{"line":9,"column":24},"end":{"line":95,"column":null}},"line":9},"1":{"name":"(anonymous_1)","decl":{"start":{"line":18,"column":23},"end":{"line":18,"column":30}},"loc":{"start":{"line":18,"column":70},"end":{"line":48,"column":null}},"line":18},"2":{"name":"(anonymous_2)","decl":{"start":{"line":60,"column":22},"end":{"line":60,"column":23}},"loc":{"start":{"line":60,"column":29},"end":{"line":63,"column":null}},"line":60},"3":{"name":"(anonymous_3)","decl":{"start":{"line":62,"column":42},"end":{"line":62,"column":51}},"loc":{"start":{"line":62,"column":51},"end":{"line":62,"column":74}},"line":62},"4":{"name":"(anonymous_4)","decl":{"start":{"line":74,"column":22},"end":{"line":74,"column":23}},"loc":{"start":{"line":74,"column":29},"end":{"line":77,"column":null}},"line":74},"5":{"name":"(anonymous_5)","decl":{"start":{"line":76,"column":45},"end":{"line":76,"column":54}},"loc":{"start":{"line":76,"column":54},"end":{"line":76,"column":80}},"line":76}},"branchMap":{"0":{"loc":{"start":{"line":24,"column":4},"end":{"line":28,"column":null}},"type":"if","locations":[{"start":{"line":24,"column":4},"end":{"line":28,"column":null}},{"start":{"line":26,"column":4},"end":{"line":28,"column":null}}],"line":24},"1":{"loc":{"start":{"line":26,"column":4},"end":{"line":28,"column":null}},"type":"if","locations":[{"start":{"line":26,"column":4},"end":{"line":28,"column":null}},{"start":{},"end":{}}],"line":26},"2":{"loc":{"start":{"line":30,"column":4},"end":{"line":32,"column":null}},"type":"if","locations":[{"start":{"line":30,"column":4},"end":{"line":32,"column":null}},{"start":{},"end":{}}],"line":30},"3":{"loc":{"start":{"line":34,"column":4},"end":{"line":37,"column":null}},"type":"if","locations":[{"start":{"line":34,"column":4},"end":{"line":37,"column":null}},{"start":{},"end":{}}],"line":34},"4":{"loc":{"start":{"line":62,"column":14},"end":{"line":62,"column":null}},"type":"if","locations":[{"start":{"line":62,"column":14},"end":{"line":62,"column":null}},{"start":{},"end":{}}],"line":62},"5":{"loc":{"start":{"line":76,"column":14},"end":{"line":76,"column":null}},"type":"if","locations":[{"start":{"line":76,"column":14},"end":{"line":76,"column":null}},{"start":{},"end":{}}],"line":76}},"s":{"0":48,"1":48,"2":48,"3":48,"4":48,"5":48,"6":48,"7":3,"8":3,"9":3,"10":3,"11":1,"12":2,"13":1,"14":3,"15":2,"16":3,"17":2,"18":2,"19":1,"20":1,"21":1,"22":1,"23":0,"24":1,"25":48,"26":29,"27":29,"28":0,"29":0,"30":11,"31":11,"32":0,"33":0},"f":{"0":48,"1":3,"2":29,"3":0,"4":11,"5":0},"b":{"0":[1,2],"1":[1,1],"2":[2,1],"3":[2,1],"4":[0,29],"5":[0,11]},"meta":{"lastBranch":6,"lastFunction":6,"lastStatement":34,"seen":{"f:9:16:9:24":0,"s:10:24:10:Infinity":0,"s:11:30:11:Infinity":1,"s:12:26:12:Infinity":2,"s:13:32:13:Infinity":3,"s:15:16:15:Infinity":4,"s:16:8:16:Infinity":5,"s:18:23:48:Infinity":6,"f:18:23:18:30":1,"s:19:4:19:Infinity":7,"s:20:4:20:Infinity":8,"s:22:46:22:Infinity":9,"b:24:4:28:Infinity:26:4:28:Infinity":0,"s:24:4:28:Infinity":10,"s:25:6:25:Infinity":11,"b:26:4:28:Infinity:undefined:undefined:undefined:undefined":1,"s:26:4:28:Infinity":12,"s:27:6:27:Infinity":13,"b:30:4:32:Infinity:undefined:undefined:undefined:undefined":2,"s:30:4:32:Infinity":14,"s:31:6:31:Infinity":15,"b:34:4:37:Infinity:undefined:undefined:undefined:undefined":3,"s:34:4:37:Infinity":16,"s:35:6:35:Infinity":17,"s:36:6:36:Infinity":18,"s:39:4:39:Infinity":19,"s:40:4:47:Infinity":20,"s:41:6:41:Infinity":21,"s:42:6:42:Infinity":22,"s:44:6:44:Infinity":23,"s:46:6:46:Infinity":24,"s:50:2:93:Infinity":25,"f:60:22:60:23":2,"s:61:14:61:Infinity":26,"b:62:14:62:Infinity:undefined:undefined:undefined:undefined":4,"s:62:14:62:Infinity":27,"s:62:32:62:Infinity":28,"f:62:42:62:51":3,"s:62:51:62:74":29,"f:74:22:74:23":4,"s:75:14:75:Infinity":30,"b:76:14:76:Infinity:undefined:undefined:undefined:undefined":5,"s:76:14:76:Infinity":31,"s:76:35:76:Infinity":32,"f:76:45:76:54":5,"s:76:54:76:80":33}}}
,"/Users/illona/Desktop/AmaliTech/Projects/phase-1-group-project/communityBoard_Team4/frontend/src/pages/Register.tsx": {"path":"/Users/illona/Desktop/AmaliTech/Projects/phase-1-group-project/communityBoard_Team4/frontend/src/pages/Register.tsx","statementMap":{"0":{"start":{"line":10,"column":30},"end":{"line":10,"column":null}},"1":{"start":{"line":11,"column":26},"end":{"line":11,"column":null}},"2":{"start":{"line":12,"column":32},"end":{"line":12,"column":null}},"3":{"start":{"line":13,"column":19},"end":{"line":13,"column":null}},"4":{"start":{"line":14,"column":8},"end":{"line":14,"column":null}},"5":{"start":{"line":16,"column":19},"end":{"line":24,"column":null}},"6":{"start":{"line":17,"column":46},"end":{"line":17,"column":null}},"7":{"start":{"line":18,"column":4},"end":{"line":18,"column":null}},"8":{"start":{"line":18,"column":24},"end":{"line":18,"column":null}},"9":{"start":{"line":19,"column":4},"end":{"line":19,"column":null}},"10":{"start":{"line":19,"column":25},"end":{"line":19,"column":null}},"11":{"start":{"line":20,"column":4},"end":{"line":20,"column":null}},"12":{"start":{"line":20,"column":38},"end":{"line":20,"column":null}},"13":{"start":{"line":21,"column":4},"end":{"line":21,"column":null}},"14":{"start":{"line":21,"column":56},"end":{"line":21,"column":null}},"15":{"start":{"line":22,"column":4},"end":{"line":22,"column":null}},"16":{"start":{"line":23,"column":4},"end":{"line":23,"column":null}},"17":{"start":{"line":26,"column":23},"end":{"line":38,"column":null}},"18":{"start":{"line":27,"column":4},"end":{"line":27,"column":null}},"19":{"start":{"line":28,"column":4},"end":{"line":28,"column":null}},"20":{"start":{"line":28,"column":21},"end":{"line":28,"column":null}},"21":{"start":{"line":29,"column":4},"end":{"line":29,"column":null}},"22":{"start":{"line":30,"column":4},"end":{"line":37,"column":null}},"23":{"start":{"line":31,"column":6},"end":{"line":31,"column":null}},"24":{"start":{"line":32,"column":6},"end":{"line":32,"column":null}},"25":{"start":{"line":34,"column":6},"end":{"line":34,"column":null}},"26":{"start":{"line":36,"column":6},"end":{"line":36,"column":null}},"27":{"start":{"line":40,"column":23},"end":{"line":43,"column":null}},"28":{"start":{"line":41,"column":4},"end":{"line":41,"column":null}},"29":{"start":{"line":41,"column":25},"end":{"line":41,"column":70}},"30":{"start":{"line":42,"column":4},"end":{"line":42,"column":null}},"31":{"start":{"line":42,"column":31},"end":{"line":42,"column":null}},"32":{"start":{"line":42,"column":50},"end":{"line":42,"column":83}},"33":{"start":{"line":45,"column":2},"end":{"line":79,"column":null}}},"fnMap":{"0":{"name":"Register","decl":{"start":{"line":9,"column":16},"end":{"line":9,"column":27}},"loc":{"start":{"line":9,"column":27},"end":{"line":81,"column":null}},"line":9},"1":{"name":"(anonymous_1)","decl":{"start":{"line":16,"column":19},"end":{"line":16,"column":25}},"loc":{"start":{"line":16,"column":25},"end":{"line":24,"column":null}},"line":16},"2":{"name":"(anonymous_2)","decl":{"start":{"line":26,"column":23},"end":{"line":26,"column":30}},"loc":{"start":{"line":26,"column":70},"end":{"line":38,"column":null}},"line":26},"3":{"name":"(anonymous_3)","decl":{"start":{"line":40,"column":23},"end":{"line":40,"column":24}},"loc":{"start":{"line":40,"column":67},"end":{"line":43,"column":null}},"line":40},"4":{"name":"(anonymous_4)","decl":{"start":{"line":41,"column":16},"end":{"line":41,"column":25}},"loc":{"start":{"line":41,"column":25},"end":{"line":41,"column":70}},"line":41},"5":{"name":"(anonymous_5)","decl":{"start":{"line":42,"column":41},"end":{"line":42,"column":50}},"loc":{"start":{"line":42,"column":50},"end":{"line":42,"column":83}},"line":42}},"branchMap":{"0":{"loc":{"start":{"line":18,"column":4},"end":{"line":18,"column":null}},"type":"if","locations":[{"start":{"line":18,"column":4},"end":{"line":18,"column":null}},{"start":{},"end":{}}],"line":18},"1":{"loc":{"start":{"line":19,"column":4},"end":{"line":19,"column":null}},"type":"if","locations":[{"start":{"line":19,"column":4},"end":{"line":19,"column":null}},{"start":{},"end":{}}],"line":19},"2":{"loc":{"start":{"line":20,"column":4},"end":{"line":20,"column":null}},"type":"if","locations":[{"start":{"line":20,"column":4},"end":{"line":20,"column":null}},{"start":{},"end":{}}],"line":20},"3":{"loc":{"start":{"line":21,"column":4},"end":{"line":21,"column":null}},"type":"if","locations":[{"start":{"line":21,"column":4},"end":{"line":21,"column":null}},{"start":{},"end":{}}],"line":21},"4":{"loc":{"start":{"line":28,"column":4},"end":{"line":28,"column":null}},"type":"if","locations":[{"start":{"line":28,"column":4},"end":{"line":28,"column":null}},{"start":{},"end":{}}],"line":28},"5":{"loc":{"start":{"line":34,"column":24},"end":{"line":34,"column":61}},"type":"binary-expr","locations":[{"start":{"line":34,"column":24},"end":{"line":34,"column":39}},{"start":{"line":34,"column":39},"end":{"line":34,"column":61}}],"line":34},"6":{"loc":{"start":{"line":42,"column":4},"end":{"line":42,"column":null}},"type":"if","locations":[{"start":{"line":42,"column":4},"end":{"line":42,"column":null}},{"start":{},"end":{}}],"line":42},"7":{"loc":{"start":{"line":49,"column":11},"end":{"line":49,"column":null}},"type":"binary-expr","locations":[{"start":{"line":49,"column":11},"end":{"line":49,"column":26}},{"start":{"line":49,"column":26},"end":{"line":49,"column":null}}],"line":49}},"s":{"0":16,"1":16,"2":16,"3":16,"4":16,"5":16,"6":3,"7":3,"8":1,"9":3,"10":1,"11":3,"12":2,"13":3,"14":1,"15":3,"16":3,"17":16,"18":3,"19":3,"20":2,"21":1,"22":1,"23":1,"24":1,"25":0,"26":1,"27":16,"28":8,"29":8,"30":8,"31":0,"32":0,"33":16},"f":{"0":16,"1":3,"2":3,"3":8,"4":8,"5":0},"b":{"0":[1,2],"1":[1,2],"2":[2,1],"3":[1,2],"4":[2,1],"5":[0,0],"6":[0,8],"7":[16,0]},"meta":{"lastBranch":8,"lastFunction":6,"lastStatement":34,"seen":{"f:9:16:9:27":0,"s:10:30:10:Infinity":0,"s:11:26:11:Infinity":1,"s:12:32:12:Infinity":2,"s:13:19:13:Infinity":3,"s:14:8:14:Infinity":4,"s:16:19:24:Infinity":5,"f:16:19:16:25":1,"s:17:46:17:Infinity":6,"b:18:4:18:Infinity:undefined:undefined:undefined:undefined":0,"s:18:4:18:Infinity":7,"s:18:24:18:Infinity":8,"b:19:4:19:Infinity:undefined:undefined:undefined:undefined":1,"s:19:4:19:Infinity":9,"s:19:25:19:Infinity":10,"b:20:4:20:Infinity:undefined:undefined:undefined:undefined":2,"s:20:4:20:Infinity":11,"s:20:38:20:Infinity":12,"b:21:4:21:Infinity:undefined:undefined:undefined:undefined":3,"s:21:4:21:Infinity":13,"s:21:56:21:Infinity":14,"s:22:4:22:Infinity":15,"s:23:4:23:Infinity":16,"s:26:23:38:Infinity":17,"f:26:23:26:30":2,"s:27:4:27:Infinity":18,"b:28:4:28:Infinity:undefined:undefined:undefined:undefined":4,"s:28:4:28:Infinity":19,"s:28:21:28:Infinity":20,"s:29:4:29:Infinity":21,"s:30:4:37:Infinity":22,"s:31:6:31:Infinity":23,"s:32:6:32:Infinity":24,"s:34:6:34:Infinity":25,"b:34:24:34:39:34:39:34:61":5,"s:36:6:36:Infinity":26,"s:40:23:43:Infinity":27,"f:40:23:40:24":3,"s:41:4:41:Infinity":28,"f:41:16:41:25":4,"s:41:25:41:70":29,"b:42:4:42:Infinity:undefined:undefined:undefined:undefined":6,"s:42:4:42:Infinity":30,"s:42:31:42:Infinity":31,"f:42:41:42:50":5,"s:42:50:42:83":32,"s:45:2:79:Infinity":33,"b:49:11:49:26:49:26:49:Infinity":7}}}
}
