{"/Users/illona/Desktop/AmaliTech/Projects/phase-1-group-project/communityBoard_Team4/frontend/src/components/ui/AuthButton.css": {"path":"/Users/illona/Desktop/AmaliTech/Projects/phase-1-group-project/communityBoard_Team4/frontend/src/components/ui/AuthButton.css","statementMap":{},"fnMap":{},"branchMap":{},"s":{},"f":{},"b":{},"meta":{"lastBranch":0,"lastFunction":0,"lastStatement":0,"seen":{}}}
,"/Users/illona/Desktop/AmaliTech/Projects/phase-1-group-project/communityBoard_Team4/frontend/src/components/ui/AuthButton.tsx": {"path":"/Users/illona/Desktop/AmaliTech/Projects/phase-1-group-project/communityBoard_Team4/frontend/src/components/ui/AuthButton.tsx","statementMap":{"0":{"start":{"line":10,"column":2},"end":{"line":21,"column":null}}},"fnMap":{"0":{"name":"AuthButton","decl":{"start":{"line":9,"column":16},"end":{"line":9,"column":27}},"loc":{"start":{"line":9,"column":95},"end":{"line":23,"column":null}},"line":9}},"branchMap":{"0":{"loc":{"start":{"line":9,"column":50},"end":{"line":9,"column":66}},"type":"default-arg","locations":[{"start":{"line":9,"column":62},"end":{"line":9,"column":66}}],"line":9},"1":{"loc":{"start":{"line":12,"column":50},"end":{"line":12,"column":76}},"type":"cond-expr","locations":[{"start":{"line":12,"column":62},"end":{"line":12,"column":74}},{"start":{"line":12,"column":74},"end":{"line":12,"column":76}}],"line":12},"2":{"loc":{"start":{"line":13,"column":16},"end":{"line":13,"column":null}},"type":"binary-expr","locations":[{"start":{"line":13,"column":16},"end":{"line":13,"column":29}},{"start":{"line":13,"column":29},"end":{"line":13,"column":null}}],"line":13},"3":{"loc":{"start":{"line":16,"column":7},"end":{"line":19,"column":null}},"type":"cond-expr","locations":[{"start":{"line":17,"column":8},"end":{"line":17,"column":null}},{"start":{"line":19,"column":8},"end":{"line":19,"column":null}}],"line":16}},"s":{"0":70},"f":{"0":70},"b":{"0":[70],"1":[2,68],"2":[70,68],"3":[2,68]},"meta":{"lastBranch":4,"lastFunction":1,"lastStatement":1,"seen":{"f:9:16:9:27":0,"b:9:62:9:66":0,"s:10:2:21:Infinity":0,"b:12:62:12:74:12:74:12:76":1,"b:13:16:13:29:13:29:13:Infinity":2,"b:17:8:17:Infinity:19:8:19:Infinity":3}}}
,"/Users/illona/Desktop/AmaliTech/Projects/phase-1-group-project/communityBoard_Team4/frontend/src/components/ui/AuthInput.css": {"path":"/Users/illona/Desktop/AmaliTech/Projects/phase-1-group-project/communityBoard_Team4/frontend/src/components/ui/AuthInput.css","statementMap":{},"fnMap":{},"branchMap":{},"s":{},"f":{},"b":{},"meta":{"lastBranch":0,"lastFunction":0,"lastStatement":0,"seen":{}}}
,"/Users/illona/Desktop/AmaliTech/Projects/phase-1-group-project/communityBoard_Team4/frontend/src/components/ui/AuthInput.tsx": {"path":"/Users/illona/Desktop/AmaliTech/Projects/phase-1-group-project/communityBoard_Team4/frontend/src/components/ui/AuthInput.tsx","statementMap":{"0":{"start":{"line":23,"column":38},"end":{"line":23,"column":null}},"1":{"start":{"line":24,"column":21},"end":{"line":24,"column":null}},"2":{"start":{"line":25,"column":22},"end":{"line":25,"column":null}},"3":{"start":{"line":27,"column":2},"end":{"line":66,"column":null}},"4":{"start":{"line":53,"column":29},"end":{"line":53,"column":null}}},"fnMap":{"0":{"name":"AuthInput","decl":{"start":{"line":19,"column":16},"end":{"line":19,"column":26}},"loc":{"start":{"line":22,"column":19},"end":{"line":68,"column":null}},"line":22},"1":{"name":"(anonymous_1)","decl":{"start":{"line":53,"column":23},"end":{"line":53,"column":29}},"loc":{"start":{"line":53,"column":29},"end":{"line":53,"column":null}},"line":53}},"branchMap":{"0":{"loc":{"start":{"line":20,"column":9},"end":{"line":20,"column":24}},"type":"default-arg","locations":[{"start":{"line":20,"column":16},"end":{"line":20,"column":24}}],"line":20},"1":{"loc":{"start":{"line":25,"column":22},"end":{"line":25,"column":null}},"type":"cond-expr","locations":[{"start":{"line":25,"column":51},"end":{"line":25,"column":60}},{"start":{"line":25,"column":60},"end":{"line":25,"column":null}}],"line":25},"2":{"loc":{"start":{"line":25,"column":22},"end":{"line":25,"column":51}},"type":"binary-expr","locations":[{"start":{"line":25,"column":22},"end":{"line":25,"column":36}},{"start":{"line":25,"column":36},"end":{"line":25,"column":51}}],"line":25},"3":{"loc":{"start":{"line":31,"column":46},"end":{"line":31,"column":70}},"type":"cond-expr","locations":[{"start":{"line":31,"column":54},"end":{"line":31,"column":68}},{"start":{"line":31,"column":68},"end":{"line":31,"column":70}}],"line":31},"4":{"loc":{"start":{"line":33,"column":11},"end":{"line":34,"column":null}},"type":"binary-expr","locations":[{"start":{"line":33,"column":11},"end":{"line":33,"column":null}},{"start":{"line":34,"column":12},"end":{"line":34,"column":null}}],"line":33},"5":{"loc":{"start":{"line":49,"column":11},"end":{"line":56,"column":null}},"type":"binary-expr","locations":[{"start":{"line":49,"column":11},"end":{"line":49,"column":null}},{"start":{"line":50,"column":12},"end":{"line":56,"column":null}}],"line":49},"6":{"loc":{"start":{"line":59,"column":6},"end":{"line":64,"column":null}},"type":"binary-expr","locations":[{"start":{"line":61,"column":8},"end":{"line":61,"column":17}},{"start":{"line":61,"column":17},"end":{"line":61,"column":null}},{"start":{"line":62,"column":8},"end":{"line":64,"column":null}}],"line":59},"7":{"loc":{"start":{"line":62,"column":42},"end":{"line":62,"column":67}},"type":"cond-expr","locations":[{"start":{"line":62,"column":50},"end":{"line":62,"column":65}},{"start":{"line":62,"column":65},"end":{"line":62,"column":67}}],"line":62},"8":{"loc":{"start":{"line":63,"column":11},"end":{"line":63,"column":null}},"type":"binary-expr","locations":[{"start":{"line":63,"column":11},"end":{"line":63,"column":20}},{"start":{"line":63,"column":20},"end":{"line":63,"column":null}}],"line":63}},"s":{"0":184,"1":184,"2":184,"3":184,"4":0},"f":{"0":184,"1":0},"b":{"0":[184],"1":[0,184],"2":[184,92],"3":[10,174],"4":[184,184],"5":[184,92],"6":[184,174,30],"7":[10,20],"8":[30,20]},"meta":{"lastBranch":9,"lastFunction":2,"lastStatement":5,"seen":{"f:19:16:19:26":0,"b:20:16:20:24":0,"s:23:38:23:Infinity":0,"s:24:21:24:Infinity":1,"s:25:22:25:Infinity":2,"b:25:51:25:60:25:60:25:Infinity":1,"b:25:22:25:36:25:36:25:51":2,"s:27:2:66:Infinity":3,"b:31:54:31:68:31:68:31:70":3,"b:33:11:33:Infinity:34:12:34:Infinity":4,"b:49:11:49:Infinity:50:12:56:Infinity":5,"f:53:23:53:29":1,"s:53:29:53:Infinity":4,"b:61:8:61:17:61:17:61:Infinity:62:8:64:Infinity":6,"b:62:50:62:65:62:65:62:67":7,"b:63:11:63:20:63:20:63:Infinity":8}}}
,"/Users/illona/Desktop/AmaliTech/Projects/phase-1-group-project/communityBoard_Team4/frontend/src/components/ui/AuthLayout.css": {"path":"/Users/illona/Desktop/AmaliTech/Projects/phase-1-group-project/communityBoard_Team4/frontend/src/components/ui/AuthLayout.css","statementMap":{},"fnMap":{},"branchMap":{},"s":{},"f":{},"b":{},"meta":{"lastBranch":0,"lastFunction":0,"lastStatement":0,"seen":{}}}
,"/Users/illona/Desktop/AmaliTech/Projects/phase-1-group-project/communityBoard_Team4/frontend/src/components/ui/AuthLayout.tsx": {"path":"/Users/illona/Desktop/AmaliTech/Projects/phase-1-group-project/communityBoard_Team4/frontend/src/components/ui/AuthLayout.tsx","statementMap":{"0":{"start":{"line":11,"column":2},"end":{"line":31,"column":null}}},"fnMap":{"0":{"name":"AuthLayout","decl":{"start":{"line":10,"column":16},"end":{"line":10,"column":27}},"loc":{"start":{"line":10,"column":77},"end":{"line":33,"column":null}},"line":10}},"branchMap":{},"s":{"0":70},"f":{"0":70},"b":{},"meta":{"lastBranch":0,"lastFunction":1,"lastStatement":1,"seen":{"f:10:16:10:27":0,"s:11:2:31:Infinity":0}}}
,"/Users/illona/Desktop/AmaliTech/Projects/phase-1-group-project/communityBoard_Team4/frontend/src/context/AuthContext.tsx": {"path":"/Users/illona/Desktop/AmaliTech/Projects/phase-1-group-project/communityBoard_Team4/frontend/src/context/AuthContext.tsx","statementMap":{"0":{"start":{"line":18,"column":6},"end":{"line":18,"column":null}},"1":{"start":{"line":20,"column":28},"end":{"line":63,"column":null}},"2":{"start":{"line":21,"column":22},"end":{"line":21,"column":null}},"3":{"start":{"line":22,"column":24},"end":{"line":22,"column":null}},"4":{"start":{"line":24,"column":2},"end":{"line":29,"column":null}},"5":{"start":{"line":25,"column":22},"end":{"line":25,"column":null}},"6":{"start":{"line":26,"column":4},"end":{"line":28,"column":null}},"7":{"start":{"line":27,"column":6},"end":{"line":27,"column":null}},"8":{"start":{"line":27,"column":12},"end":{"line":27,"column":44}},"9":{"start":{"line":31,"column":16},"end":{"line":43,"column":null}},"10":{"start":{"line":33,"column":4},"end":{"line":33,"column":null}},"11":{"start":{"line":33,"column":29},"end":{"line":33,"column":49}},"12":{"start":{"line":34,"column":4},"end":{"line":42,"column":null}},"13":{"start":{"line":35,"column":23},"end":{"line":35,"column":null}},"14":{"start":{"line":36,"column":6},"end":{"line":36,"column":null}},"15":{"start":{"line":37,"column":6},"end":{"line":37,"column":null}},"16":{"start":{"line":38,"column":6},"end":{"line":38,"column":null}},"17":{"start":{"line":39,"column":6},"end":{"line":39,"column":null}},"18":{"start":{"line":41,"column":6},"end":{"line":41,"column":null}},"19":{"start":{"line":45,"column":19},"end":{"line":49,"column":null}},"20":{"start":{"line":47,"column":4},"end":{"line":47,"column":null}},"21":{"start":{"line":47,"column":29},"end":{"line":47,"column":49}},"22":{"start":{"line":51,"column":17},"end":{"line":56,"column":null}},"23":{"start":{"line":52,"column":4},"end":{"line":52,"column":null}},"24":{"start":{"line":53,"column":4},"end":{"line":53,"column":null}},"25":{"start":{"line":54,"column":4},"end":{"line":54,"column":null}},"26":{"start":{"line":55,"column":4},"end":{"line":55,"column":null}},"27":{"start":{"line":58,"column":2},"end":{"line":61,"column":null}},"28":{"start":{"line":65,"column":23},"end":{"line":69,"column":null}},"29":{"start":{"line":66,"column":8},"end":{"line":66,"column":null}},"30":{"start":{"line":67,"column":2},"end":{"line":67,"column":null}},"31":{"start":{"line":67,"column":16},"end":{"line":67,"column":null}},"32":{"start":{"line":68,"column":2},"end":{"line":68,"column":null}}},"fnMap":{"0":{"name":"(anonymous_0)","decl":{"start":{"line":20,"column":28},"end":{"line":20,"column":29}},"loc":{"start":{"line":20,"column":71},"end":{"line":63,"column":null}},"line":20},"1":{"name":"(anonymous_1)","decl":{"start":{"line":24,"column":12},"end":{"line":24,"column":18}},"loc":{"start":{"line":24,"column":18},"end":{"line":29,"column":5}},"line":24},"2":{"name":"(anonymous_2)","decl":{"start":{"line":31,"column":16},"end":{"line":31,"column":23}},"loc":{"start":{"line":31,"column":61},"end":{"line":43,"column":null}},"line":31},"3":{"name":"(anonymous_3)","decl":{"start":{"line":33,"column":22},"end":{"line":33,"column":29}},"loc":{"start":{"line":33,"column":29},"end":{"line":33,"column":49}},"line":33},"4":{"name":"(anonymous_4)","decl":{"start":{"line":45,"column":19},"end":{"line":45,"column":26}},"loc":{"start":{"line":45,"column":76},"end":{"line":49,"column":null}},"line":45},"5":{"name":"(anonymous_5)","decl":{"start":{"line":47,"column":22},"end":{"line":47,"column":29}},"loc":{"start":{"line":47,"column":29},"end":{"line":47,"column":49}},"line":47},"6":{"name":"(anonymous_6)","decl":{"start":{"line":51,"column":17},"end":{"line":51,"column":23}},"loc":{"start":{"line":51,"column":23},"end":{"line":56,"column":null}},"line":51},"7":{"name":"(anonymous_7)","decl":{"start":{"line":65,"column":23},"end":{"line":65,"column":29}},"loc":{"start":{"line":65,"column":29},"end":{"line":69,"column":null}},"line":65}},"branchMap":{"0":{"loc":{"start":{"line":26,"column":4},"end":{"line":28,"column":null}},"type":"if","locations":[{"start":{"line":26,"column":4},"end":{"line":28,"column":null}},{"start":{},"end":{}}],"line":26},"1":{"loc":{"start":{"line":26,"column":8},"end":{"line":26,"column":28}},"type":"binary-expr","locations":[{"start":{"line":26,"column":8},"end":{"line":26,"column":21}},{"start":{"line":26,"column":21},"end":{"line":26,"column":28}}],"line":26},"2":{"loc":{"start":{"line":34,"column":4},"end":{"line":42,"column":null}},"type":"if","locations":[{"start":{"line":34,"column":4},"end":{"line":42,"column":null}},{"start":{"line":40,"column":11},"end":{"line":42,"column":null}}],"line":34},"3":{"loc":{"start":{"line":34,"column":8},"end":{"line":34,"column":71}},"type":"binary-expr","locations":[{"start":{"line":34,"column":8},"end":{"line":34,"column":43}},{"start":{"line":34,"column":43},"end":{"line":34,"column":71}}],"line":34},"4":{"loc":{"start":{"line":67,"column":2},"end":{"line":67,"column":null}},"type":"if","locations":[{"start":{"line":67,"column":2},"end":{"line":67,"column":null}},{"start":{},"end":{}}],"line":67}},"s":{"0":2,"1":2,"2":9,"3":9,"4":9,"5":9,"6":9,"7":0,"8":0,"9":9,"10":0,"11":0,"12":0,"13":0,"14":0,"15":0,"16":0,"17":0,"18":0,"19":9,"20":0,"21":0,"22":9,"23":0,"24":0,"25":0,"26":0,"27":9,"28":2,"29":0,"30":0,"31":0,"32":0},"f":{"0":9,"1":9,"2":0,"3":0,"4":0,"5":0,"6":0,"7":0},"b":{"0":[0,9],"1":[9,0],"2":[0,0],"3":[0,0],"4":[0,0]},"meta":{"lastBranch":5,"lastFunction":8,"lastStatement":33,"seen":{"s:18:6:18:Infinity":0,"s:20:28:63:Infinity":1,"f:20:28:20:29":0,"s:21:22:21:Infinity":2,"s:22:24:22:Infinity":3,"s:24:2:29:Infinity":4,"f:24:12:24:18":1,"s:25:22:25:Infinity":5,"b:26:4:28:Infinity:undefined:undefined:undefined:undefined":0,"s:26:4:28:Infinity":6,"b:26:8:26:21:26:21:26:28":1,"s:27:6:27:Infinity":7,"s:27:12:27:44":8,"s:31:16:43:Infinity":9,"f:31:16:31:23":2,"s:33:4:33:Infinity":10,"f:33:22:33:29":3,"s:33:29:33:49":11,"b:34:4:42:Infinity:40:11:42:Infinity":2,"s:34:4:42:Infinity":12,"b:34:8:34:43:34:43:34:71":3,"s:35:23:35:Infinity":13,"s:36:6:36:Infinity":14,"s:37:6:37:Infinity":15,"s:38:6:38:Infinity":16,"s:39:6:39:Infinity":17,"s:41:6:41:Infinity":18,"s:45:19:49:Infinity":19,"f:45:19:45:26":4,"s:47:4:47:Infinity":20,"f:47:22:47:29":5,"s:47:29:47:49":21,"s:51:17:56:Infinity":22,"f:51:17:51:23":6,"s:52:4:52:Infinity":23,"s:53:4:53:Infinity":24,"s:54:4:54:Infinity":25,"s:55:4:55:Infinity":26,"s:58:2:61:Infinity":27,"s:65:23:69:Infinity":28,"f:65:23:65:29":7,"s:66:8:66:Infinity":29,"b:67:2:67:Infinity:undefined:undefined:undefined:undefined":4,"s:67:2:67:Infinity":30,"s:67:16:67:Infinity":31,"s:68:2:68:Infinity":32}}}
,"/Users/illona/Desktop/AmaliTech/Projects/phase-1-group-project/communityBoard_Team4/frontend/src/pages/Login/Login.css": {"path":"/Users/illona/Desktop/AmaliTech/Projects/phase-1-group-project/communityBoard_Team4/frontend/src/pages/Login/Login.css","statementMap":{},"fnMap":{},"branchMap":{},"s":{},"f":{},"b":{},"meta":{"lastBranch":0,"lastFunction":0,"lastStatement":0,"seen":{}}}
,"/Users/illona/Desktop/AmaliTech/Projects/phase-1-group-project/communityBoard_Team4/frontend/src/pages/Login/Login.tsx": {"path":"/Users/illona/Desktop/AmaliTech/Projects/phase-1-group-project/communityBoard_Team4/frontend/src/pages/Login/Login.tsx","statementMap":{"0":{"start":{"line":10,"column":24},"end":{"line":10,"column":null}},"1":{"start":{"line":11,"column":30},"end":{"line":11,"column":null}},"2":{"start":{"line":12,"column":26},"end":{"line":12,"column":null}},"3":{"start":{"line":13,"column":32},"end":{"line":13,"column":null}},"4":{"start":{"line":15,"column":16},"end":{"line":15,"column":null}},"5":{"start":{"line":16,"column":8},"end":{"line":16,"column":null}},"6":{"start":{"line":18,"column":23},"end":{"line":48,"column":null}},"7":{"start":{"line":19,"column":4},"end":{"line":19,"column":null}},"8":{"start":{"line":20,"column":4},"end":{"line":20,"column":null}},"9":{"start":{"line":22,"column":46},"end":{"line":22,"column":null}},"10":{"start":{"line":24,"column":4},"end":{"line":28,"column":null}},"11":{"start":{"line":25,"column":6},"end":{"line":25,"column":null}},"12":{"start":{"line":26,"column":4},"end":{"line":28,"column":null}},"13":{"start":{"line":27,"column":6},"end":{"line":27,"column":null}},"14":{"start":{"line":30,"column":4},"end":{"line":32,"column":null}},"15":{"start":{"line":31,"column":6},"end":{"line":31,"column":null}},"16":{"start":{"line":34,"column":4},"end":{"line":37,"column":null}},"17":{"start":{"line":35,"column":6},"end":{"line":35,"column":null}},"18":{"start":{"line":36,"column":6},"end":{"line":36,"column":null}},"19":{"start":{"line":39,"column":4},"end":{"line":39,"column":null}},"20":{"start":{"line":40,"column":4},"end":{"line":47,"column":null}},"21":{"start":{"line":41,"column":6},"end":{"line":41,"column":null}},"22":{"start":{"line":42,"column":6},"end":{"line":42,"column":null}},"23":{"start":{"line":44,"column":6},"end":{"line":44,"column":null}},"24":{"start":{"line":46,"column":6},"end":{"line":46,"column":null}},"25":{"start":{"line":49,"column":24},"end":{"line":57,"column":null}},"26":{"start":{"line":50,"column":4},"end":{"line":56,"column":null}},"27":{"start":{"line":51,"column":6},"end":{"line":51,"column":null}},"28":{"start":{"line":54,"column":29},"end":{"line":54,"column":null}},"29":{"start":{"line":55,"column":6},"end":{"line":55,"column":null}},"30":{"start":{"line":59,"column":2},"end":{"line":104,"column":null}},"31":{"start":{"line":70,"column":14},"end":{"line":70,"column":null}},"32":{"start":{"line":71,"column":14},"end":{"line":71,"column":null}},"33":{"start":{"line":71,"column":32},"end":{"line":71,"column":null}},"34":{"start":{"line":71,"column":51},"end":{"line":71,"column":74}},"35":{"start":{"line":85,"column":14},"end":{"line":85,"column":null}},"36":{"start":{"line":86,"column":14},"end":{"line":86,"column":null}},"37":{"start":{"line":86,"column":35},"end":{"line":86,"column":null}},"38":{"start":{"line":86,"column":54},"end":{"line":86,"column":80}}},"fnMap":{"0":{"name":"Login","decl":{"start":{"line":9,"column":16},"end":{"line":9,"column":24}},"loc":{"start":{"line":9,"column":24},"end":{"line":106,"column":null}},"line":9},"1":{"name":"(anonymous_1)","decl":{"start":{"line":18,"column":23},"end":{"line":18,"column":30}},"loc":{"start":{"line":18,"column":70},"end":{"line":48,"column":null}},"line":18},"2":{"name":"(anonymous_2)","decl":{"start":{"line":49,"column":24},"end":{"line":49,"column":25}},"loc":{"start":{"line":49,"column":70},"end":{"line":57,"column":null}},"line":49},"3":{"name":"(anonymous_3)","decl":{"start":{"line":54,"column":47},"end":{"line":54,"column":53}},"loc":{"start":{"line":54,"column":53},"end":{"line":54,"column":56}},"line":54},"4":{"name":"(anonymous_4)","decl":{"start":{"line":69,"column":22},"end":{"line":69,"column":23}},"loc":{"start":{"line":69,"column":29},"end":{"line":72,"column":null}},"line":69},"5":{"name":"(anonymous_5)","decl":{"start":{"line":71,"column":42},"end":{"line":71,"column":51}},"loc":{"start":{"line":71,"column":51},"end":{"line":71,"column":74}},"line":71},"6":{"name":"(anonymous_6)","decl":{"start":{"line":84,"column":22},"end":{"line":84,"column":23}},"loc":{"start":{"line":84,"column":29},"end":{"line":87,"column":null}},"line":84},"7":{"name":"(anonymous_7)","decl":{"start":{"line":86,"column":45},"end":{"line":86,"column":54}},"loc":{"start":{"line":86,"column":54},"end":{"line":86,"column":80}},"line":86}},"branchMap":{"0":{"loc":{"start":{"line":24,"column":4},"end":{"line":28,"column":null}},"type":"if","locations":[{"start":{"line":24,"column":4},"end":{"line":28,"column":null}},{"start":{"line":26,"column":4},"end":{"line":28,"column":null}}],"line":24},"1":{"loc":{"start":{"line":26,"column":4},"end":{"line":28,"column":null}},"type":"if","locations":[{"start":{"line":26,"column":4},"end":{"line":28,"column":null}},{"start":{},"end":{}}],"line":26},"2":{"loc":{"start":{"line":30,"column":4},"end":{"line":32,"column":null}},"type":"if","locations":[{"start":{"line":30,"column":4},"end":{"line":32,"column":null}},{"start":{},"end":{}}],"line":30},"3":{"loc":{"start":{"line":34,"column":4},"end":{"line":37,"column":null}},"type":"if","locations":[{"start":{"line":34,"column":4},"end":{"line":37,"column":null}},{"start":{},"end":{}}],"line":34},"4":{"loc":{"start":{"line":50,"column":4},"end":{"line":56,"column":null}},"type":"if","locations":[{"start":{"line":50,"column":4},"end":{"line":56,"column":null}},{"start":{},"end":{}}],"line":50},"5":{"loc":{"start":{"line":71,"column":14},"end":{"line":71,"column":null}},"type":"if","locations":[{"start":{"line":71,"column":14},"end":{"line":71,"column":null}},{"start":{},"end":{}}],"line":71},"6":{"loc":{"start":{"line":86,"column":14},"end":{"line":86,"column":null}},"type":"if","locations":[{"start":{"line":86,"column":14},"end":{"line":86,"column":null}},{"start":{},"end":{}}],"line":86}},"s":{"0":48,"1":48,"2":48,"3":48,"4":48,"5":48,"6":48,"7":3,"8":3,"9":3,"10":3,"11":1,"12":2,"13":1,"14":3,"15":2,"16":3,"17":2,"18":2,"19":1,"20":1,"21":1,"22":1,"23":0,"24":1,"25":48,"26":40,"27":0,"28":0,"29":0,"30":48,"31":29,"32":29,"33":0,"34":0,"35":11,"36":11,"37":0,"38":0},"f":{"0":48,"1":3,"2":40,"3":0,"4":29,"5":0,"6":11,"7":0},"b":{"0":[1,2],"1":[1,1],"2":[2,1],"3":[2,1],"4":[0,40],"5":[0,29],"6":[0,11]},"meta":{"lastBranch":7,"lastFunction":8,"lastStatement":39,"seen":{"f:9:16:9:24":0,"s:10:24:10:Infinity":0,"s:11:30:11:Infinity":1,"s:12:26:12:Infinity":2,"s:13:32:13:Infinity":3,"s:15:16:15:Infinity":4,"s:16:8:16:Infinity":5,"s:18:23:48:Infinity":6,"f:18:23:18:30":1,"s:19:4:19:Infinity":7,"s:20:4:20:Infinity":8,"s:22:46:22:Infinity":9,"b:24:4:28:Infinity:26:4:28:Infinity":0,"s:24:4:28:Infinity":10,"s:25:6:25:Infinity":11,"b:26:4:28:Infinity:undefined:undefined:undefined:undefined":1,"s:26:4:28:Infinity":12,"s:27:6:27:Infinity":13,"b:30:4:32:Infinity:undefined:undefined:undefined:undefined":2,"s:30:4:32:Infinity":14,"s:31:6:31:Infinity":15,"b:34:4:37:Infinity:undefined:undefined:undefined:undefined":3,"s:34:4:37:Infinity":16,"s:35:6:35:Infinity":17,"s:36:6:36:Infinity":18,"s:39:4:39:Infinity":19,"s:40:4:47:Infinity":20,"s:41:6:41:Infinity":21,"s:42:6:42:Infinity":22,"s:44:6:44:Infinity":23,"s:46:6:46:Infinity":24,"s:49:24:57:Infinity":25,"f:49:24:49:25":2,"b:50:4:56:Infinity:undefined:undefined:undefined:undefined":4,"s:50:4:56:Infinity":26,"s:51:6:51:Infinity":27,"s:54:29:54:Infinity":28,"f:54:47:54:53":3,"s:55:6:55:Infinity":29,"s:59:2:104:Infinity":30,"f:69:22:69:23":4,"s:70:14:70:Infinity":31,"b:71:14:71:Infinity:undefined:undefined:undefined:undefined":5,"s:71:14:71:Infinity":32,"s:71:32:71:Infinity":33,"f:71:42:71:51":5,"s:71:51:71:74":34,"f:84:22:84:23":6,"s:85:14:85:Infinity":35,"b:86:14:86:Infinity:undefined:undefined:undefined:undefined":6,"s:86:14:86:Infinity":36,"s:86:35:86:Infinity":37,"f:86:45:86:54":7,"s:86:54:86:80":38}}}
,"/Users/illona/Desktop/AmaliTech/Projects/phase-1-group-project/communityBoard_Team4/frontend/src/pages/Register/Register.tsx": {"path":"/Users/illona/Desktop/AmaliTech/Projects/phase-1-group-project/communityBoard_Team4/frontend/src/pages/Register/Register.tsx","statementMap":{"0":{"start":{"line":10,"column":30},"end":{"line":10,"column":null}},"1":{"start":{"line":11,"column":26},"end":{"line":11,"column":null}},"2":{"start":{"line":12,"column":32},"end":{"line":12,"column":null}},"3":{"start":{"line":13,"column":19},"end":{"line":13,"column":null}},"4":{"start":{"line":14,"column":8},"end":{"line":14,"column":null}},"5":{"start":{"line":16,"column":19},"end":{"line":30,"column":null}},"6":{"start":{"line":17,"column":46},"end":{"line":17,"column":null}},"7":{"start":{"line":18,"column":23},"end":{"line":18,"column":null}},"8":{"start":{"line":20,"column":4},"end":{"line":20,"column":null}},"9":{"start":{"line":20,"column":24},"end":{"line":20,"column":null}},"10":{"start":{"line":21,"column":4},"end":{"line":25,"column":null}},"11":{"start":{"line":22,"column":6},"end":{"line":22,"column":null}},"12":{"start":{"line":23,"column":4},"end":{"line":25,"column":null}},"13":{"start":{"line":24,"column":6},"end":{"line":24,"column":null}},"14":{"start":{"line":26,"column":4},"end":{"line":26,"column":null}},"15":{"start":{"line":26,"column":38},"end":{"line":26,"column":null}},"16":{"start":{"line":27,"column":4},"end":{"line":27,"column":null}},"17":{"start":{"line":27,"column":56},"end":{"line":27,"column":null}},"18":{"start":{"line":28,"column":4},"end":{"line":28,"column":null}},"19":{"start":{"line":29,"column":4},"end":{"line":29,"column":null}},"20":{"start":{"line":32,"column":23},"end":{"line":44,"column":null}},"21":{"start":{"line":33,"column":4},"end":{"line":33,"column":null}},"22":{"start":{"line":34,"column":4},"end":{"line":34,"column":null}},"23":{"start":{"line":34,"column":21},"end":{"line":34,"column":null}},"24":{"start":{"line":35,"column":4},"end":{"line":35,"column":null}},"25":{"start":{"line":36,"column":4},"end":{"line":43,"column":null}},"26":{"start":{"line":37,"column":6},"end":{"line":37,"column":null}},"27":{"start":{"line":38,"column":6},"end":{"line":38,"column":null}},"28":{"start":{"line":40,"column":6},"end":{"line":40,"column":null}},"29":{"start":{"line":42,"column":6},"end":{"line":42,"column":null}},"30":{"start":{"line":46,"column":23},"end":{"line":49,"column":null}},"31":{"start":{"line":47,"column":4},"end":{"line":47,"column":null}},"32":{"start":{"line":47,"column":25},"end":{"line":47,"column":70}},"33":{"start":{"line":48,"column":4},"end":{"line":48,"column":null}},"34":{"start":{"line":48,"column":31},"end":{"line":48,"column":null}},"35":{"start":{"line":48,"column":50},"end":{"line":48,"column":83}},"36":{"start":{"line":51,"column":2},"end":{"line":85,"column":null}}},"fnMap":{"0":{"name":"Register","decl":{"start":{"line":9,"column":16},"end":{"line":9,"column":27}},"loc":{"start":{"line":9,"column":27},"end":{"line":87,"column":null}},"line":9},"1":{"name":"(anonymous_1)","decl":{"start":{"line":16,"column":19},"end":{"line":16,"column":25}},"loc":{"start":{"line":16,"column":25},"end":{"line":30,"column":null}},"line":16},"2":{"name":"(anonymous_2)","decl":{"start":{"line":32,"column":23},"end":{"line":32,"column":30}},"loc":{"start":{"line":32,"column":70},"end":{"line":44,"column":null}},"line":32},"3":{"name":"(anonymous_3)","decl":{"start":{"line":46,"column":23},"end":{"line":46,"column":24}},"loc":{"start":{"line":46,"column":67},"end":{"line":49,"column":null}},"line":46},"4":{"name":"(anonymous_4)","decl":{"start":{"line":47,"column":16},"end":{"line":47,"column":25}},"loc":{"start":{"line":47,"column":25},"end":{"line":47,"column":70}},"line":47},"5":{"name":"(anonymous_5)","decl":{"start":{"line":48,"column":41},"end":{"line":48,"column":50}},"loc":{"start":{"line":48,"column":50},"end":{"line":48,"column":83}},"line":48}},"branchMap":{"0":{"loc":{"start":{"line":20,"column":4},"end":{"line":20,"column":null}},"type":"if","locations":[{"start":{"line":20,"column":4},"end":{"line":20,"column":null}},{"start":{},"end":{}}],"line":20},"1":{"loc":{"start":{"line":21,"column":4},"end":{"line":25,"column":null}},"type":"if","locations":[{"start":{"line":21,"column":4},"end":{"line":25,"column":null}},{"start":{"line":23,"column":4},"end":{"line":25,"column":null}}],"line":21},"2":{"loc":{"start":{"line":23,"column":4},"end":{"line":25,"column":null}},"type":"if","locations":[{"start":{"line":23,"column":4},"end":{"line":25,"column":null}},{"start":{},"end":{}}],"line":23},"3":{"loc":{"start":{"line":26,"column":4},"end":{"line":26,"column":null}},"type":"if","locations":[{"start":{"line":26,"column":4},"end":{"line":26,"column":null}},{"start":{},"end":{}}],"line":26},"4":{"loc":{"start":{"line":27,"column":4},"end":{"line":27,"column":null}},"type":"if","locations":[{"start":{"line":27,"column":4},"end":{"line":27,"column":null}},{"start":{},"end":{}}],"line":27},"5":{"loc":{"start":{"line":34,"column":4},"end":{"line":34,"column":null}},"type":"if","locations":[{"start":{"line":34,"column":4},"end":{"line":34,"column":null}},{"start":{},"end":{}}],"line":34},"6":{"loc":{"start":{"line":40,"column":24},"end":{"line":40,"column":61}},"type":"binary-expr","locations":[{"start":{"line":40,"column":24},"end":{"line":40,"column":39}},{"start":{"line":40,"column":39},"end":{"line":40,"column":61}}],"line":40},"7":{"loc":{"start":{"line":48,"column":4},"end":{"line":48,"column":null}},"type":"if","locations":[{"start":{"line":48,"column":4},"end":{"line":48,"column":null}},{"start":{},"end":{}}],"line":48},"8":{"loc":{"start":{"line":55,"column":11},"end":{"line":55,"column":null}},"type":"binary-expr","locations":[{"start":{"line":55,"column":11},"end":{"line":55,"column":26}},{"start":{"line":55,"column":26},"end":{"line":55,"column":null}}],"line":55}},"s":{"0":22,"1":22,"2":22,"3":22,"4":22,"5":22,"6":4,"7":4,"8":4,"9":1,"10":4,"11":1,"12":3,"13":1,"14":4,"15":2,"16":4,"17":1,"18":4,"19":4,"20":22,"21":4,"22":4,"23":3,"24":1,"25":1,"26":1,"27":1,"28":0,"29":1,"30":22,"31":12,"32":12,"33":12,"34":0,"35":0,"36":22},"f":{"0":22,"1":4,"2":4,"3":12,"4":12,"5":0},"b":{"0":[1,3],"1":[1,3],"2":[1,2],"3":[2,2],"4":[1,3],"5":[3,1],"6":[0,0],"7":[0,12],"8":[22,0]},"meta":{"lastBranch":9,"lastFunction":6,"lastStatement":37,"seen":{"f:9:16:9:27":0,"s:10:30:10:Infinity":0,"s:11:26:11:Infinity":1,"s:12:32:12:Infinity":2,"s:13:19:13:Infinity":3,"s:14:8:14:Infinity":4,"s:16:19:30:Infinity":5,"f:16:19:16:25":1,"s:17:46:17:Infinity":6,"s:18:23:18:Infinity":7,"b:20:4:20:Infinity:undefined:undefined:undefined:undefined":0,"s:20:4:20:Infinity":8,"s:20:24:20:Infinity":9,"b:21:4:25:Infinity:23:4:25:Infinity":1,"s:21:4:25:Infinity":10,"s:22:6:22:Infinity":11,"b:23:4:25:Infinity:undefined:undefined:undefined:undefined":2,"s:23:4:25:Infinity":12,"s:24:6:24:Infinity":13,"b:26:4:26:Infinity:undefined:undefined:undefined:undefined":3,"s:26:4:26:Infinity":14,"s:26:38:26:Infinity":15,"b:27:4:27:Infinity:undefined:undefined:undefined:undefined":4,"s:27:4:27:Infinity":16,"s:27:56:27:Infinity":17,"s:28:4:28:Infinity":18,"s:29:4:29:Infinity":19,"s:32:23:44:Infinity":20,"f:32:23:32:30":2,"s:33:4:33:Infinity":21,"b:34:4:34:Infinity:undefined:undefined:undefined:undefined":5,"s:34:4:34:Infinity":22,"s:34:21:34:Infinity":23,"s:35:4:35:Infinity":24,"s:36:4:43:Infinity":25,"s:37:6:37:Infinity":26,"s:38:6:38:Infinity":27,"s:40:6:40:Infinity":28,"b:40:24:40:39:40:39:40:61":6,"s:42:6:42:Infinity":29,"s:46:23:49:Infinity":30,"f:46:23:46:24":3,"s:47:4:47:Infinity":31,"f:47:16:47:25":4,"s:47:25:47:70":32,"b:48:4:48:Infinity:undefined:undefined:undefined:undefined":7,"s:48:4:48:Infinity":33,"s:48:31:48:Infinity":34,"f:48:41:48:50":5,"s:48:50:48:83":35,"s:51:2:85:Infinity":36,"b:55:11:55:26:55:26:55:Infinity":8}}}
}
